Unable to capture context for thread 4780 in process 8656, can not generate back trace
Exception at PC 0x00007FFFA678BB93
Printing stacktrace...

[0]  [0x00007FFFA678BB93]
[1]  [0x00007FFFA678BB93]
[2]  [0x00007FFFA678B4A1]
[3]  [0x00007FFFA678B3EF]
[4]  [0x00007FFFA67719FE]
[5]  [0x00007FFFA6770ED1]
[6]  [0x00007FFFA6770D76]
[7]  [0x00007FFFA67179F6]
[8]  [0x00007FFFA6707AFB]
[9]  [0x00007FFFA682E90A]
[10]  [0x00007FFFA6849F87]
[11]  [0x00007FFFA684A05F]
[12] (BaseThreadInitThunk+0x14) [0x00007FFFE8892774]
[13] (RtlUserThreadStart+0x21) [0x00007FFFE8AC0D51]
Done
Exception at PC 0x00007FFFA6491A52
Attemped to write at address 0x00007FFF9E82ABA4
Printing stacktrace...

[0]  [0x00007FFFA6491A52]
[1]  [0x00007FFFA6491A52]
[2]  [0x00007FFFA6491AD4]
[3]  [0x00007FFFA65D3FF7]
[4]  [0x00007FFFA64B9128]
[5]  [0x00007FFFA676DFB9]
[6]  [0x00007FFFA693EF23]
[7]  [0x00007FFFA684B06B]
[8]  [0x00007FFFA68408AF]
[9]  [0x00007FFFA6840A32]
[10] (RtlDeactivateActivationContextUnsafeFast+0x1af) [0x00007FFFE8A7485F]
[11] (LdrShutdownProcess+0x12c) [0x00007FFFE8A9D43C]
[12] (RtlExitUserProcess+0xb4) [0x00007FFFE8A9D2F4]
[13] (FatalExit+0xa) [0x00007FFFE889C0DA]
[14] (exit+0x75) [0x00007FFFE866A045]
[15] (initterm_e+0x21d) [0x00007FFFE866A68D]
[16]  [0x00000000004014CD]
[17]  [0x000000000040151B]
[18] (BaseThreadInitThunk+0x14) [0x00007FFFE8892774]
[19] (RtlUserThreadStart+0x21) [0x00007FFFE8AC0D51]
Done
